<?xml version="1.0" encoding="UTF-8"?>
<Site BuildName="(empty)"
	BuildStamp="20251127-1320-Experimental"
	Name="(empty)"
	Generator="ctest-4.2.0"
	CompilerName=""
	CompilerVersion=""
	OSName="Windows"
	Hostname="LG-Screen"
	OSRelease="10.0.26200"
	OSVersion="Windows 10"
	OSPlatform="AMD64"
	Is64Bits="1"
	VendorString="GenuineIntel"
	VendorID="Intel Corporation"
	FamilyID="6"
	ModelID="5"
	ModelName=""
	ProcessorCacheSize="-1"
	NumberOfLogicalCPU="20"
	NumberOfPhysicalCPU="10"
	TotalVirtualMemory="34666"
	TotalPhysicalMemory="32618"
	LogicalProcessorsPerPhysical="2"
	ProcessorClockFrequency="3601"
	>
	<Testing>
		<StartDateTime>Nov 27 16:24 Romance Standard Time</StartDateTime>
		<StartTestTime>1764257095</StartTestTime>
		<TestList/>
		<EndDateTime>Nov 27 16:24 Romance Standard Time</EndDateTime>
		<EndTestTime>1764257095</EndTestTime>
		<ElapsedMinutes>0</ElapsedMinutes>
	</Testing>
</Site>
